<?xml version="1.0" encoding="UTF-8"?>
<robot generator="Robot 5.0.1 (Python 3.9.5 on win32)" generated="20221114 17:44:28.023" rpa="false" schemaversion="3">
<suite id="s1" name="TestMoneyCalculator2" source="C:\Users\yasha\OneDrive\Desktop\RobotFramework\ReviewDDTMoneyControl\TestCases\TestMoneyCalculator2.robot">
<test id="s1-t1" name="TC1" line="17">
<kw name="Open the Webpage and Max" library="ConfKeywords" type="SETUP">
<arg>${URL}</arg>
<arg>${browser}</arg>
<kw name="Open Browser" library="SeleniumLibrary">
<arg>${URL}</arg>
<arg>${browser}</arg>
<doc>Opens a new browser instance to the optional ``url``.</doc>
<msg timestamp="20221114 17:44:28.791" level="INFO">Opening browser 'chrome' to base url 'https://www.moneycontrol.com/fixed-income/calculator/fixed-deposit-calculator.htmlCorporates'.</msg>
<status status="PASS" starttime="20221114 17:44:28.791" endtime="20221114 17:44:33.776"/>
</kw>
<kw name="Maximize Browser Window" library="SeleniumLibrary">
<doc>Maximizes current browser window.</doc>
<status status="PASS" starttime="20221114 17:44:33.776" endtime="20221114 17:44:33.902"/>
</kw>
<kw name="Click the Cookies Confirm" library="ElementsKeywords">
<kw name="Click Button" library="SeleniumLibrary">
<arg>${btn_confirm}</arg>
<doc>Clicks the button identified by ``locator``.</doc>
<msg timestamp="20221114 17:44:33.903" level="INFO">Clicking button 'xpath://button[@id='wzrk-confirm']'.</msg>
<status status="PASS" starttime="20221114 17:44:33.903" endtime="20221114 17:44:33.994"/>
</kw>
<status status="PASS" starttime="20221114 17:44:33.902" endtime="20221114 17:44:33.995"/>
</kw>
<status status="PASS" starttime="20221114 17:44:28.790" endtime="20221114 17:44:33.995"/>
</kw>
<kw name="Get the Number of Rows" library="ExcelKeywords">
<var>${rows}</var>
<arg>${testData}</arg>
<arg>${sheetName}</arg>
<kw name="Get Row Count" library="ReadWriteExcel">
<var>${rows}</var>
<arg>${fileName}</arg>
<arg>${sheetName}</arg>
<msg timestamp="20221114 17:44:34.008" level="INFO">${rows} = 4</msg>
<status status="PASS" starttime="20221114 17:44:33.996" endtime="20221114 17:44:34.008"/>
</kw>
<msg timestamp="20221114 17:44:34.008" level="INFO">${rows} = 4</msg>
<status status="PASS" starttime="20221114 17:44:33.996" endtime="20221114 17:44:34.008"/>
</kw>
<for flavor="IN RANGE">
<var>${row}</var>
<value>2</value>
<value>${rows}+1</value>
<iter>
<var name="${row}">2</var>
<kw name="Read the Whole Row" library="ExcelKeywords">
<var>@{Data}</var>
<arg>${testData}</arg>
<arg>${sheetName}</arg>
<arg>${row}</arg>
<kw name="Read The Whole Row" library="ReadWriteExcel">
<var>@{data}</var>
<arg>${fileName}</arg>
<arg>${sheetName}</arg>
<arg>${row}</arg>
<msg timestamp="20221114 17:44:34.027" level="INFO">@{data} = [ 20000 | 10 | 2 | year(s) | Simple Interest | 24000 | Pass | Pass ]</msg>
<status status="PASS" starttime="20221114 17:44:34.011" endtime="20221114 17:44:34.027"/>
</kw>
<msg timestamp="20221114 17:44:34.028" level="INFO">@{Data} = [ 20000 | 10 | 2 | year(s) | Simple Interest | 24000 | Pass | Pass ]</msg>
<status status="PASS" starttime="20221114 17:44:34.010" endtime="20221114 17:44:34.028"/>
</kw>
<kw name="Input the Principle" library="ElementsKeywords">
<arg>${Data}[0]</arg>
<kw name="Input Text" library="SeleniumLibrary">
<arg>${Principal}</arg>
<arg>${principleValue}</arg>
<doc>Types the given ``text`` into the text field identified by ``locator``.</doc>
<msg timestamp="20221114 17:44:34.029" level="INFO">Typing text '20000' into text field 'xpath://input[@id='principal']'.</msg>
<status status="PASS" starttime="20221114 17:44:34.029" endtime="20221114 17:44:34.151"/>
</kw>
<status status="PASS" starttime="20221114 17:44:34.028" endtime="20221114 17:44:34.151"/>
</kw>
<kw name="Input the RateOfInterest" library="ElementsKeywords">
<arg>${Data}[1]</arg>
<kw name="Input Text" library="SeleniumLibrary">
<arg>${RateOfInterest}</arg>
<arg>${RateOfInterestValue}</arg>
<doc>Types the given ``text`` into the text field identified by ``locator``.</doc>
<msg timestamp="20221114 17:44:34.153" level="INFO">Typing text '10' into text field 'xpath://input[@id='interest']'.</msg>
<status status="PASS" starttime="20221114 17:44:34.152" endtime="20221114 17:44:34.257"/>
</kw>
<status status="PASS" starttime="20221114 17:44:34.151" endtime="20221114 17:44:34.257"/>
</kw>
<kw name="Input the PeriodOne" library="ElementsKeywords">
<arg>${Data}[2]</arg>
<kw name="Input Text" library="SeleniumLibrary">
<arg>${PeriodOne}</arg>
<arg>${PeriodOneValue}</arg>
<doc>Types the given ``text`` into the text field identified by ``locator``.</doc>
<msg timestamp="20221114 17:44:34.258" level="INFO">Typing text '2' into text field 'xpath://input[@id='tenure']'.</msg>
<status status="PASS" starttime="20221114 17:44:34.258" endtime="20221114 17:44:34.361"/>
</kw>
<status status="PASS" starttime="20221114 17:44:34.257" endtime="20221114 17:44:34.362"/>
</kw>
<kw name="Input the PeriodTwo" library="ElementsKeywords">
<arg>${Data}[3]</arg>
<kw name="Select From List By Label" library="SeleniumLibrary">
<arg>${PeriodTwo}</arg>
<arg>${PeriodTwoValue}</arg>
<doc>Selects options from selection list ``locator`` by ``labels``.</doc>
<msg timestamp="20221114 17:44:34.362" level="INFO">Selecting options from selection list 'xpath://select[@id='tenurePeriod']' by label year(s).</msg>
<status status="PASS" starttime="20221114 17:44:34.362" endtime="20221114 17:44:34.461"/>
</kw>
<status status="PASS" starttime="20221114 17:44:34.362" endtime="20221114 17:44:34.461"/>
</kw>
<kw name="Input the Frequency" library="ElementsKeywords">
<arg>${Data}[4]</arg>
<kw name="Select From List By Label" library="SeleniumLibrary">
<arg>${Frequency}</arg>
<arg>${FrequencyValue}</arg>
<doc>Selects options from selection list ``locator`` by ``labels``.</doc>
<msg timestamp="20221114 17:44:34.462" level="INFO">Selecting options from selection list 'xpath://select[@id='frequency']' by label Simple Interest.</msg>
<status status="PASS" starttime="20221114 17:44:34.462" endtime="20221114 17:44:34.549"/>
</kw>
<status status="PASS" starttime="20221114 17:44:34.461" endtime="20221114 17:44:34.550"/>
</kw>
<kw name="Calculate" library="ElementsKeywords">
<kw name="Click Image" library="SeleniumLibrary">
<arg>${btn_Calculate}</arg>
<doc>Clicks an image identified by ``locator``.</doc>
<msg timestamp="20221114 17:44:34.551" level="INFO">Clicking image 'xpath://img[@src='https://images.moneycontrol.com/images/mf_revamp/btn_calcutate.gif']'.</msg>
<status status="PASS" starttime="20221114 17:44:34.550" endtime="20221114 17:44:34.638"/>
</kw>
<status status="PASS" starttime="20221114 17:44:34.550" endtime="20221114 17:44:34.638"/>
</kw>
<kw name="Read the MaturityValue" library="ElementsKeywords">
<var>${x}</var>
<kw name="Get Text" library="SeleniumLibrary">
<var>${x}</var>
<arg>${MaturityValue}</arg>
<doc>Returns the text value of the element identified by ``locator``.</doc>
<msg timestamp="20221114 17:44:34.667" level="INFO">${x} = 24000.00</msg>
<status status="PASS" starttime="20221114 17:44:34.639" endtime="20221114 17:44:34.667"/>
</kw>
<kw name="Convert To Number" library="BuiltIn">
<var>${maturity}</var>
<arg>${x}</arg>
<doc>Converts the given item to a floating point number.</doc>
<msg timestamp="20221114 17:44:34.668" level="INFO">${maturity} = 24000.0</msg>
<status status="PASS" starttime="20221114 17:44:34.667" endtime="20221114 17:44:34.668"/>
</kw>
<msg timestamp="20221114 17:44:34.668" level="INFO">${x} = 24000.0</msg>
<status status="PASS" starttime="20221114 17:44:34.639" endtime="20221114 17:44:34.668"/>
</kw>
<if>
<branch type="IF" condition="${x} == ${Data}[5]">
<kw name="Fill Cell Green" library="ExcelKeywords">
<arg>${testData}</arg>
<arg>${sheetName}</arg>
<arg>${row}</arg>
<arg>${9}</arg>
<arg>Pass</arg>
<kw name="Fill Green Color" library="ReadWriteExcel">
<arg>${fileName}</arg>
<arg>${sheetName}</arg>
<arg>${row}</arg>
<arg>${col}</arg>
<arg>${data}</arg>
<status status="PASS" starttime="20221114 17:44:34.669" endtime="20221114 17:44:34.693"/>
</kw>
<status status="PASS" starttime="20221114 17:44:34.668" endtime="20221114 17:44:34.693"/>
</kw>
<status status="PASS" starttime="20221114 17:44:34.668" endtime="20221114 17:44:34.693"/>
</branch>
<branch type="ELSE">
<kw name="Fill Cell Red" library="ExcelKeywords">
<arg>${testData}</arg>
<arg>${sheetName}</arg>
<arg>${row}</arg>
<arg>${9}</arg>
<arg>Fail</arg>
<status status="NOT RUN" starttime="20221114 17:44:34.693" endtime="20221114 17:44:34.694"/>
</kw>
<status status="NOT RUN" starttime="20221114 17:44:34.693" endtime="20221114 17:44:34.694"/>
</branch>
<status status="PASS" starttime="20221114 17:44:34.668" endtime="20221114 17:44:34.694"/>
</if>
<kw name="Clear the Data" library="ElementsKeywords">
<kw name="Click Image" library="SeleniumLibrary">
<arg>${btn_clear}</arg>
<doc>Clicks an image identified by ``locator``.</doc>
<msg timestamp="20221114 17:44:34.695" level="INFO">Clicking image 'xpath://*[@id='fdMatVal']/div[2]/a[2]/img'.</msg>
<status status="PASS" starttime="20221114 17:44:34.695" endtime="20221114 17:44:34.760"/>
</kw>
<status status="PASS" starttime="20221114 17:44:34.694" endtime="20221114 17:44:34.760"/>
</kw>
<status status="PASS" starttime="20221114 17:44:34.009" endtime="20221114 17:44:34.761"/>
</iter>
<iter>
<var name="${row}">3</var>
<kw name="Read the Whole Row" library="ExcelKeywords">
<var>@{Data}</var>
<arg>${testData}</arg>
<arg>${sheetName}</arg>
<arg>${row}</arg>
<kw name="Read The Whole Row" library="ReadWriteExcel">
<var>@{data}</var>
<arg>${fileName}</arg>
<arg>${sheetName}</arg>
<arg>${row}</arg>
<msg timestamp="20221114 17:44:34.780" level="INFO">@{data} = [ 40000 | 15 | 2 | year(s) | Simple Interest | 52000 | Pass | Pass | None ]</msg>
<status status="PASS" starttime="20221114 17:44:34.762" endtime="20221114 17:44:34.780"/>
</kw>
<msg timestamp="20221114 17:44:34.780" level="INFO">@{Data} = [ 40000 | 15 | 2 | year(s) | Simple Interest | 52000 | Pass | Pass | None ]</msg>
<status status="PASS" starttime="20221114 17:44:34.761" endtime="20221114 17:44:34.780"/>
</kw>
<kw name="Input the Principle" library="ElementsKeywords">
<arg>${Data}[0]</arg>
<kw name="Input Text" library="SeleniumLibrary">
<arg>${Principal}</arg>
<arg>${principleValue}</arg>
<doc>Types the given ``text`` into the text field identified by ``locator``.</doc>
<msg timestamp="20221114 17:44:34.781" level="INFO">Typing text '40000' into text field 'xpath://input[@id='principal']'.</msg>
<status status="PASS" starttime="20221114 17:44:34.781" endtime="20221114 17:44:34.849"/>
</kw>
<status status="PASS" starttime="20221114 17:44:34.781" endtime="20221114 17:44:34.849"/>
</kw>
<kw name="Input the RateOfInterest" library="ElementsKeywords">
<arg>${Data}[1]</arg>
<kw name="Input Text" library="SeleniumLibrary">
<arg>${RateOfInterest}</arg>
<arg>${RateOfInterestValue}</arg>
<doc>Types the given ``text`` into the text field identified by ``locator``.</doc>
<msg timestamp="20221114 17:44:34.851" level="INFO">Typing text '15' into text field 'xpath://input[@id='interest']'.</msg>
<status status="PASS" starttime="20221114 17:44:34.850" endtime="20221114 17:44:34.910"/>
</kw>
<status status="PASS" starttime="20221114 17:44:34.849" endtime="20221114 17:44:34.910"/>
</kw>
<kw name="Input the PeriodOne" library="ElementsKeywords">
<arg>${Data}[2]</arg>
<kw name="Input Text" library="SeleniumLibrary">
<arg>${PeriodOne}</arg>
<arg>${PeriodOneValue}</arg>
<doc>Types the given ``text`` into the text field identified by ``locator``.</doc>
<msg timestamp="20221114 17:44:34.910" level="INFO">Typing text '2' into text field 'xpath://input[@id='tenure']'.</msg>
<status status="PASS" starttime="20221114 17:44:34.910" endtime="20221114 17:44:34.971"/>
</kw>
<status status="PASS" starttime="20221114 17:44:34.910" endtime="20221114 17:44:34.972"/>
</kw>
<kw name="Input the PeriodTwo" library="ElementsKeywords">
<arg>${Data}[3]</arg>
<kw name="Select From List By Label" library="SeleniumLibrary">
<arg>${PeriodTwo}</arg>
<arg>${PeriodTwoValue}</arg>
<doc>Selects options from selection list ``locator`` by ``labels``.</doc>
<msg timestamp="20221114 17:44:34.973" level="INFO">Selecting options from selection list 'xpath://select[@id='tenurePeriod']' by label year(s).</msg>
<status status="PASS" starttime="20221114 17:44:34.973" endtime="20221114 17:44:35.032"/>
</kw>
<status status="PASS" starttime="20221114 17:44:34.972" endtime="20221114 17:44:35.032"/>
</kw>
<kw name="Input the Frequency" library="ElementsKeywords">
<arg>${Data}[4]</arg>
<kw name="Select From List By Label" library="SeleniumLibrary">
<arg>${Frequency}</arg>
<arg>${FrequencyValue}</arg>
<doc>Selects options from selection list ``locator`` by ``labels``.</doc>
<msg timestamp="20221114 17:44:35.033" level="INFO">Selecting options from selection list 'xpath://select[@id='frequency']' by label Simple Interest.</msg>
<status status="PASS" starttime="20221114 17:44:35.033" endtime="20221114 17:44:35.077"/>
</kw>
<status status="PASS" starttime="20221114 17:44:35.032" endtime="20221114 17:44:35.078"/>
</kw>
<kw name="Calculate" library="ElementsKeywords">
<kw name="Click Image" library="SeleniumLibrary">
<arg>${btn_Calculate}</arg>
<doc>Clicks an image identified by ``locator``.</doc>
<msg timestamp="20221114 17:44:35.079" level="INFO">Clicking image 'xpath://img[@src='https://images.moneycontrol.com/images/mf_revamp/btn_calcutate.gif']'.</msg>
<status status="PASS" starttime="20221114 17:44:35.078" endtime="20221114 17:44:35.126"/>
</kw>
<status status="PASS" starttime="20221114 17:44:35.078" endtime="20221114 17:44:35.126"/>
</kw>
<kw name="Read the MaturityValue" library="ElementsKeywords">
<var>${x}</var>
<kw name="Get Text" library="SeleniumLibrary">
<var>${x}</var>
<arg>${MaturityValue}</arg>
<doc>Returns the text value of the element identified by ``locator``.</doc>
<msg timestamp="20221114 17:44:35.149" level="INFO">${x} = 52000.00</msg>
<status status="PASS" starttime="20221114 17:44:35.126" endtime="20221114 17:44:35.149"/>
</kw>
<kw name="Convert To Number" library="BuiltIn">
<var>${maturity}</var>
<arg>${x}</arg>
<doc>Converts the given item to a floating point number.</doc>
<msg timestamp="20221114 17:44:35.149" level="INFO">${maturity} = 52000.0</msg>
<status status="PASS" starttime="20221114 17:44:35.149" endtime="20221114 17:44:35.149"/>
</kw>
<msg timestamp="20221114 17:44:35.149" level="INFO">${x} = 52000.0</msg>
<status status="PASS" starttime="20221114 17:44:35.126" endtime="20221114 17:44:35.149"/>
</kw>
<if>
<branch type="IF" condition="${x} == ${Data}[5]">
<kw name="Fill Cell Green" library="ExcelKeywords">
<arg>${testData}</arg>
<arg>${sheetName}</arg>
<arg>${row}</arg>
<arg>${9}</arg>
<arg>Pass</arg>
<kw name="Fill Green Color" library="ReadWriteExcel">
<arg>${fileName}</arg>
<arg>${sheetName}</arg>
<arg>${row}</arg>
<arg>${col}</arg>
<arg>${data}</arg>
<status status="PASS" starttime="20221114 17:44:35.152" endtime="20221114 17:44:35.175"/>
</kw>
<status status="PASS" starttime="20221114 17:44:35.150" endtime="20221114 17:44:35.175"/>
</kw>
<status status="PASS" starttime="20221114 17:44:35.150" endtime="20221114 17:44:35.175"/>
</branch>
<branch type="ELSE">
<kw name="Fill Cell Red" library="ExcelKeywords">
<arg>${testData}</arg>
<arg>${sheetName}</arg>
<arg>${row}</arg>
<arg>${9}</arg>
<arg>Fail</arg>
<status status="NOT RUN" starttime="20221114 17:44:35.175" endtime="20221114 17:44:35.175"/>
</kw>
<status status="NOT RUN" starttime="20221114 17:44:35.175" endtime="20221114 17:44:35.176"/>
</branch>
<status status="PASS" starttime="20221114 17:44:35.150" endtime="20221114 17:44:35.176"/>
</if>
<kw name="Clear the Data" library="ElementsKeywords">
<kw name="Click Image" library="SeleniumLibrary">
<arg>${btn_clear}</arg>
<doc>Clicks an image identified by ``locator``.</doc>
<msg timestamp="20221114 17:44:35.176" level="INFO">Clicking image 'xpath://*[@id='fdMatVal']/div[2]/a[2]/img'.</msg>
<status status="PASS" starttime="20221114 17:44:35.176" endtime="20221114 17:44:35.219"/>
</kw>
<status status="PASS" starttime="20221114 17:44:35.176" endtime="20221114 17:44:35.219"/>
</kw>
<status status="PASS" starttime="20221114 17:44:34.761" endtime="20221114 17:44:35.220"/>
</iter>
<iter>
<var name="${row}">4</var>
<kw name="Read the Whole Row" library="ExcelKeywords">
<var>@{Data}</var>
<arg>${testData}</arg>
<arg>${sheetName}</arg>
<arg>${row}</arg>
<kw name="Read The Whole Row" library="ReadWriteExcel">
<var>@{data}</var>
<arg>${fileName}</arg>
<arg>${sheetName}</arg>
<arg>${row}</arg>
<msg timestamp="20221114 17:44:35.238" level="INFO">@{data} = [ 75000 | 12 | 2 | day(s) | Simple Interest | 75045.32 | Fail | Fail | None ]</msg>
<status status="PASS" starttime="20221114 17:44:35.220" endtime="20221114 17:44:35.238"/>
</kw>
<msg timestamp="20221114 17:44:35.239" level="INFO">@{Data} = [ 75000 | 12 | 2 | day(s) | Simple Interest | 75045.32 | Fail | Fail | None ]</msg>
<status status="PASS" starttime="20221114 17:44:35.220" endtime="20221114 17:44:35.239"/>
</kw>
<kw name="Input the Principle" library="ElementsKeywords">
<arg>${Data}[0]</arg>
<kw name="Input Text" library="SeleniumLibrary">
<arg>${Principal}</arg>
<arg>${principleValue}</arg>
<doc>Types the given ``text`` into the text field identified by ``locator``.</doc>
<msg timestamp="20221114 17:44:35.240" level="INFO">Typing text '75000' into text field 'xpath://input[@id='principal']'.</msg>
<status status="PASS" starttime="20221114 17:44:35.239" endtime="20221114 17:44:35.304"/>
</kw>
<status status="PASS" starttime="20221114 17:44:35.239" endtime="20221114 17:44:35.304"/>
</kw>
<kw name="Input the RateOfInterest" library="ElementsKeywords">
<arg>${Data}[1]</arg>
<kw name="Input Text" library="SeleniumLibrary">
<arg>${RateOfInterest}</arg>
<arg>${RateOfInterestValue}</arg>
<doc>Types the given ``text`` into the text field identified by ``locator``.</doc>
<msg timestamp="20221114 17:44:35.305" level="INFO">Typing text '12' into text field 'xpath://input[@id='interest']'.</msg>
<status status="PASS" starttime="20221114 17:44:35.305" endtime="20221114 17:44:35.366"/>
</kw>
<status status="PASS" starttime="20221114 17:44:35.304" endtime="20221114 17:44:35.366"/>
</kw>
<kw name="Input the PeriodOne" library="ElementsKeywords">
<arg>${Data}[2]</arg>
<kw name="Input Text" library="SeleniumLibrary">
<arg>${PeriodOne}</arg>
<arg>${PeriodOneValue}</arg>
<doc>Types the given ``text`` into the text field identified by ``locator``.</doc>
<msg timestamp="20221114 17:44:35.367" level="INFO">Typing text '2' into text field 'xpath://input[@id='tenure']'.</msg>
<status status="PASS" starttime="20221114 17:44:35.367" endtime="20221114 17:44:35.421"/>
</kw>
<status status="PASS" starttime="20221114 17:44:35.366" endtime="20221114 17:44:35.421"/>
</kw>
<kw name="Input the PeriodTwo" library="ElementsKeywords">
<arg>${Data}[3]</arg>
<kw name="Select From List By Label" library="SeleniumLibrary">
<arg>${PeriodTwo}</arg>
<arg>${PeriodTwoValue}</arg>
<doc>Selects options from selection list ``locator`` by ``labels``.</doc>
<msg timestamp="20221114 17:44:35.422" level="INFO">Selecting options from selection list 'xpath://select[@id='tenurePeriod']' by label day(s).</msg>
<status status="PASS" starttime="20221114 17:44:35.422" endtime="20221114 17:44:35.461"/>
</kw>
<status status="PASS" starttime="20221114 17:44:35.422" endtime="20221114 17:44:35.461"/>
</kw>
<kw name="Input the Frequency" library="ElementsKeywords">
<arg>${Data}[4]</arg>
<kw name="Select From List By Label" library="SeleniumLibrary">
<arg>${Frequency}</arg>
<arg>${FrequencyValue}</arg>
<doc>Selects options from selection list ``locator`` by ``labels``.</doc>
<msg timestamp="20221114 17:44:35.462" level="INFO">Selecting options from selection list 'xpath://select[@id='frequency']' by label Simple Interest.</msg>
<status status="PASS" starttime="20221114 17:44:35.462" endtime="20221114 17:44:35.516"/>
</kw>
<status status="PASS" starttime="20221114 17:44:35.461" endtime="20221114 17:44:35.516"/>
</kw>
<kw name="Calculate" library="ElementsKeywords">
<kw name="Click Image" library="SeleniumLibrary">
<arg>${btn_Calculate}</arg>
<doc>Clicks an image identified by ``locator``.</doc>
<msg timestamp="20221114 17:44:35.517" level="INFO">Clicking image 'xpath://img[@src='https://images.moneycontrol.com/images/mf_revamp/btn_calcutate.gif']'.</msg>
<status status="PASS" starttime="20221114 17:44:35.517" endtime="20221114 17:44:35.559"/>
</kw>
<status status="PASS" starttime="20221114 17:44:35.516" endtime="20221114 17:44:35.559"/>
</kw>
<kw name="Read the MaturityValue" library="ElementsKeywords">
<var>${x}</var>
<kw name="Get Text" library="SeleniumLibrary">
<var>${x}</var>
<arg>${MaturityValue}</arg>
<doc>Returns the text value of the element identified by ``locator``.</doc>
<msg timestamp="20221114 17:44:35.579" level="INFO">${x} = 75049.32</msg>
<status status="PASS" starttime="20221114 17:44:35.559" endtime="20221114 17:44:35.580"/>
</kw>
<kw name="Convert To Number" library="BuiltIn">
<var>${maturity}</var>
<arg>${x}</arg>
<doc>Converts the given item to a floating point number.</doc>
<msg timestamp="20221114 17:44:35.580" level="INFO">${maturity} = 75049.32</msg>
<status status="PASS" starttime="20221114 17:44:35.580" endtime="20221114 17:44:35.580"/>
</kw>
<msg timestamp="20221114 17:44:35.580" level="INFO">${x} = 75049.32</msg>
<status status="PASS" starttime="20221114 17:44:35.559" endtime="20221114 17:44:35.580"/>
</kw>
<if>
<branch type="IF" condition="${x} == ${Data}[5]">
<kw name="Fill Cell Green" library="ExcelKeywords">
<arg>${testData}</arg>
<arg>${sheetName}</arg>
<arg>${row}</arg>
<arg>${9}</arg>
<arg>Pass</arg>
<status status="NOT RUN" starttime="20221114 17:44:35.581" endtime="20221114 17:44:35.581"/>
</kw>
<status status="NOT RUN" starttime="20221114 17:44:35.581" endtime="20221114 17:44:35.581"/>
</branch>
<branch type="ELSE">
<kw name="Fill Cell Red" library="ExcelKeywords">
<arg>${testData}</arg>
<arg>${sheetName}</arg>
<arg>${row}</arg>
<arg>${9}</arg>
<arg>Fail</arg>
<kw name="Fill Red Color" library="ReadWriteExcel">
<arg>${fileName}</arg>
<arg>${sheetName}</arg>
<arg>${row}</arg>
<arg>${col}</arg>
<arg>${data}</arg>
<status status="PASS" starttime="20221114 17:44:35.582" endtime="20221114 17:44:35.601"/>
</kw>
<status status="PASS" starttime="20221114 17:44:35.581" endtime="20221114 17:44:35.601"/>
</kw>
<status status="PASS" starttime="20221114 17:44:35.581" endtime="20221114 17:44:35.601"/>
</branch>
<status status="PASS" starttime="20221114 17:44:35.580" endtime="20221114 17:44:35.601"/>
</if>
<kw name="Clear the Data" library="ElementsKeywords">
<kw name="Click Image" library="SeleniumLibrary">
<arg>${btn_clear}</arg>
<doc>Clicks an image identified by ``locator``.</doc>
<msg timestamp="20221114 17:44:35.602" level="INFO">Clicking image 'xpath://*[@id='fdMatVal']/div[2]/a[2]/img'.</msg>
<status status="PASS" starttime="20221114 17:44:35.602" endtime="20221114 17:44:35.644"/>
</kw>
<status status="PASS" starttime="20221114 17:44:35.602" endtime="20221114 17:44:35.644"/>
</kw>
<status status="PASS" starttime="20221114 17:44:35.220" endtime="20221114 17:44:35.644"/>
</iter>
<status status="PASS" starttime="20221114 17:44:34.009" endtime="20221114 17:44:35.644"/>
</for>
<kw name="Close Evrything" library="ConfKeywords" type="TEARDOWN">
<kw name="Sleep" library="BuiltIn">
<arg>5s</arg>
<doc>Pauses the test executed for the given time.</doc>
<msg timestamp="20221114 17:44:40.653" level="INFO">Slept 5 seconds</msg>
<status status="PASS" starttime="20221114 17:44:35.645" endtime="20221114 17:44:40.653"/>
</kw>
<kw name="Run Keyword If Test Failed" library="BuiltIn">
<arg>Take Screenshot on Fail</arg>
<doc>Runs the given keyword with the given arguments, if the test failed.</doc>
<status status="PASS" starttime="20221114 17:44:40.653" endtime="20221114 17:44:40.653"/>
</kw>
<kw name="Close All Browsers" library="SeleniumLibrary">
<doc>Closes all open browsers and resets the browser cache.</doc>
<status status="PASS" starttime="20221114 17:44:40.653" endtime="20221114 17:44:42.802"/>
</kw>
<status status="PASS" starttime="20221114 17:44:35.645" endtime="20221114 17:44:42.802"/>
</kw>
<status status="PASS" starttime="20221114 17:44:28.789" endtime="20221114 17:44:42.803"/>
</test>
<status status="PASS" starttime="20221114 17:44:28.025" endtime="20221114 17:44:42.806"/>
</suite>
<statistics>
<total>
<stat pass="1" fail="0" skip="0">All Tests</stat>
</total>
<tag>
</tag>
<suite>
<stat pass="1" fail="0" skip="0" id="s1" name="TestMoneyCalculator2">TestMoneyCalculator2</stat>
</suite>
</statistics>
<errors>
</errors>
</robot>
